<?xml version="1.0" encoding="UTF-8" ?>
<testsuite tests="7" failures="0" name="com.cl.sample.TextFinderTest" time="0.066" errors="0" skipped="0">
  <properties>
[...]
</properties>
  <testcase classname="com.cl.sample.TextFinderTest" name="com.cl.sample.TextFinderTest.testOnEmptyFolder" time="0.003"/>
  <testcase classname="com.cl.sample.TextFinderTest" name="com.cl.sample.TextFinderTest.testOnSubFolderFile" time="0.041"/>
  <testcase classname="com.cl.sample.TextFinderTest" name="com.cl.sample.TextFinderTest.testOnEmptyInputs" time="0"/>
  <testcase classname="com.cl.sample.TextFinderTest" name="com.cl.sample.TextFinderTest.testOnInvalidFolder" time="0.003"/>
  <testcase classname="com.cl.sample.TextFinderTest" name="com.cl.sample.TextFinderTest.testOnMultipleFiles" time="0.007"/>
  <testcase classname="com.cl.sample.TextFinderTest" name="com.cl.sample.TextFinderTest.testOnHitFile" time="0.005"/>
  <testcase classname="com.cl.sample.TextFinderTest" name="com.cl.sample.TextFinderTest.testOnMissFile" time="0.007"/>
</testsuite>